Traceback (most recent call last):
  File "/Users/aet/opt/anaconda3/envs/codeforecon/lib/python3.8/site-packages/jupyter_cache/executors/utils.py", line 51, in single_nb_execution
    executenb(
  File "/Users/aet/opt/anaconda3/envs/codeforecon/lib/python3.8/site-packages/nbclient/client.py", line 1117, in execute
    return NotebookClient(nb=nb, resources=resources, km=km, **kwargs).execute()
  File "/Users/aet/opt/anaconda3/envs/codeforecon/lib/python3.8/site-packages/nbclient/util.py", line 78, in wrapped
    return just_run(coro(*args, **kwargs))
  File "/Users/aet/opt/anaconda3/envs/codeforecon/lib/python3.8/site-packages/nbclient/util.py", line 57, in just_run
    return loop.run_until_complete(coro)
  File "/Users/aet/opt/anaconda3/envs/codeforecon/lib/python3.8/asyncio/base_events.py", line 616, in run_until_complete
    return future.result()
  File "/Users/aet/opt/anaconda3/envs/codeforecon/lib/python3.8/site-packages/nbclient/client.py", line 558, in async_execute
    await self.async_execute_cell(
  File "/Users/aet/opt/anaconda3/envs/codeforecon/lib/python3.8/site-packages/nbclient/client.py", line 862, in async_execute_cell
    self._check_raise_for_error(cell, exec_reply)
  File "/Users/aet/opt/anaconda3/envs/codeforecon/lib/python3.8/site-packages/nbclient/client.py", line 765, in _check_raise_for_error
    raise CellExecutionError.from_cell_and_msg(cell, exec_reply_content)
nbclient.exceptions.CellExecutionError: An error occurred while executing the following cell:
------------------
from sklearn.linear_model import LinearRegression

df = df.dropna().copy()
model = LinearRegression(fit_intercept=False).fit(
    X=df.loc[: window_size - 1, ["x"]], y=df.loc[: window_size - 1, [r"$y_{t+h}$"]]
)
# Make in-sample prediction. Note that the predictions of the model come out in
# an array of form [[a], [b], ...] so we flatten this to [a, b, ...]. Also, we pad
# the results we didn't predict with [None]
df[r"$\hat{y}_{t+h}^{\operatorname{IS}}$"] = list(
    model.predict(df.loc[: window_size - 1, ["x"]]).flatten()
) + [None] * (window_size)
------------------

[0;31m---------------------------------------------------------------------------[0m
[0;31mModuleNotFoundError[0m                       Traceback (most recent call last)
[0;32m/var/folders/x6/ffnr59f116l96_y0q0bjfz7c0000gn/T/ipykernel_71752/2215290930.py[0m in [0;36m<module>[0;34m[0m
[0;32m----> 1[0;31m [0;32mfrom[0m [0msklearn[0m[0;34m.[0m[0mlinear_model[0m [0;32mimport[0m [0mLinearRegression[0m[0;34m[0m[0;34m[0m[0m
[0m[1;32m      2[0m [0;34m[0m[0m
[1;32m      3[0m [0mdf[0m [0;34m=[0m [0mdf[0m[0;34m.[0m[0mdropna[0m[0;34m([0m[0;34m)[0m[0;34m.[0m[0mcopy[0m[0;34m([0m[0;34m)[0m[0;34m[0m[0;34m[0m[0m
[1;32m      4[0m model = LinearRegression(fit_intercept=False).fit(
[1;32m      5[0m     [0mX[0m[0;34m=[0m[0mdf[0m[0;34m.[0m[0mloc[0m[0;34m[[0m[0;34m:[0m [0mwindow_size[0m [0;34m-[0m [0;36m1[0m[0;34m,[0m [0;34m[[0m[0;34m"x"[0m[0;34m][0m[0;34m][0m[0;34m,[0m [0my[0m[0;34m=[0m[0mdf[0m[0;34m.[0m[0mloc[0m[0;34m[[0m[0;34m:[0m [0mwindow_size[0m [0;34m-[0m [0;36m1[0m[0;34m,[0m [0;34m[[0m[0;34mr"$y_{t+h}$"[0m[0;34m][0m[0;34m][0m[0;34m[0m[0;34m[0m[0m

[0;32m~/opt/anaconda3/lib/python3.7/site-packages/sklearn/__init__.py[0m in [0;36m<module>[0;34m[0m
[1;32m     80[0m     [0;32mfrom[0m [0;34m.[0m [0;32mimport[0m [0m_distributor_init[0m  [0;31m# noqa: F401[0m[0;34m[0m[0;34m[0m[0m
[1;32m     81[0m     [0;32mfrom[0m [0;34m.[0m [0;32mimport[0m [0m__check_build[0m  [0;31m# noqa: F401[0m[0;34m[0m[0;34m[0m[0m
[0;32m---> 82[0;31m     [0;32mfrom[0m [0;34m.[0m[0mbase[0m [0;32mimport[0m [0mclone[0m[0;34m[0m[0;34m[0m[0m
[0m[1;32m     83[0m     [0;32mfrom[0m [0;34m.[0m[0mutils[0m[0;34m.[0m[0m_show_versions[0m [0;32mimport[0m [0mshow_versions[0m[0;34m[0m[0;34m[0m[0m
[1;32m     84[0m [0;34m[0m[0m

[0;32m~/opt/anaconda3/lib/python3.7/site-packages/sklearn/base.py[0m in [0;36m<module>[0;34m[0m
[1;32m     15[0m [0;32mfrom[0m [0;34m.[0m [0;32mimport[0m [0m__version__[0m[0;34m[0m[0;34m[0m[0m
[1;32m     16[0m [0;32mfrom[0m [0;34m.[0m[0m_config[0m [0;32mimport[0m [0mget_config[0m[0;34m[0m[0;34m[0m[0m
[0;32m---> 17[0;31m [0;32mfrom[0m [0;34m.[0m[0mutils[0m [0;32mimport[0m [0m_IS_32BIT[0m[0;34m[0m[0;34m[0m[0m
[0m[1;32m     18[0m from .utils._tags import (
[1;32m     19[0m     [0m_DEFAULT_TAGS[0m[0;34m,[0m[0;34m[0m[0;34m[0m[0m

[0;32m~/opt/anaconda3/lib/python3.7/site-packages/sklearn/utils/__init__.py[0m in [0;36m<module>[0;34m[0m
[1;32m     21[0m [0;34m[0m[0m
[1;32m     22[0m [0;32mfrom[0m [0;34m.[0m[0mmurmurhash[0m [0;32mimport[0m [0mmurmurhash3_32[0m[0;34m[0m[0;34m[0m[0m
[0;32m---> 23[0;31m [0;32mfrom[0m [0;34m.[0m[0mclass_weight[0m [0;32mimport[0m [0mcompute_class_weight[0m[0;34m,[0m [0mcompute_sample_weight[0m[0;34m[0m[0;34m[0m[0m
[0m[1;32m     24[0m [0;32mfrom[0m [0;34m.[0m [0;32mimport[0m [0m_joblib[0m[0;34m[0m[0;34m[0m[0m
[1;32m     25[0m [0;32mfrom[0m [0;34m.[0m[0;34m.[0m[0mexceptions[0m [0;32mimport[0m [0mDataConversionWarning[0m[0;34m[0m[0;34m[0m[0m

[0;32m~/opt/anaconda3/lib/python3.7/site-packages/sklearn/utils/class_weight.py[0m in [0;36m<module>[0;34m[0m
[1;32m      5[0m [0;32mimport[0m [0mnumpy[0m [0;32mas[0m [0mnp[0m[0;34m[0m[0;34m[0m[0m
[1;32m      6[0m [0;34m[0m[0m
[0;32m----> 7[0;31m [0;32mfrom[0m [0;34m.[0m[0mvalidation[0m [0;32mimport[0m [0m_deprecate_positional_args[0m[0;34m[0m[0;34m[0m[0m
[0m[1;32m      8[0m [0;34m[0m[0m
[1;32m      9[0m [0;34m[0m[0m

[0;32m~/opt/anaconda3/lib/python3.7/site-packages/sklearn/utils/validation.py[0m in [0;36m<module>[0;34m[0m
[1;32m     20[0m [0;31m# mypy error: Module 'numpy.core.numeric' has no attribute 'ComplexWarning'[0m[0;34m[0m[0;34m[0m[0;34m[0m[0m
[1;32m     21[0m [0;32mfrom[0m [0mnumpy[0m[0;34m.[0m[0mcore[0m[0;34m.[0m[0mnumeric[0m [0;32mimport[0m [0mComplexWarning[0m  [0;31m# type: ignore[0m[0;34m[0m[0;34m[0m[0m
[0;32m---> 22[0;31m [0;32mimport[0m [0mjoblib[0m[0;34m[0m[0;34m[0m[0m
[0m[1;32m     23[0m [0;34m[0m[0m
[1;32m     24[0m [0;32mfrom[0m [0mcontextlib[0m [0;32mimport[0m [0msuppress[0m[0;34m[0m[0;34m[0m[0m

[0;31mModuleNotFoundError[0m: No module named 'joblib'
ModuleNotFoundError: No module named 'joblib'

